[2020-02-21 13:01:23,797] INFO [Controller id=1] Processing automatic preferred replica leader election (kafka.controller.KafkaController)
[2020-02-21 13:01:23,798] TRACE [Controller id=1] Checking need to trigger auto leader balancing (kafka.controller.KafkaController)
[2020-02-21 13:01:23,798] DEBUG [Controller id=1] Preferred replicas by broker Map(2 -> Map(exampleTopic-0 -> Vector(2)), 0 -> Map(example-0 -> Vector(0))) (kafka.controller.KafkaController)
[2020-02-21 13:01:23,798] DEBUG [Controller id=1] Topics not in preferred replica for broker 2 Map(exampleTopic-0 -> Vector(2)) (kafka.controller.KafkaController)
[2020-02-21 13:01:23,798] TRACE [Controller id=1] Leader imbalance ratio for broker 2 is 1.0 (kafka.controller.KafkaController)
[2020-02-21 13:01:23,798] INFO [Controller id=1] Starting preferred replica leader election for partitions  (kafka.controller.KafkaController)
[2020-02-21 13:01:23,798] DEBUG [Controller id=1] Topics not in preferred replica for broker 0 Map() (kafka.controller.KafkaController)
[2020-02-21 13:01:23,798] TRACE [Controller id=1] Leader imbalance ratio for broker 0 is 0.0 (kafka.controller.KafkaController)
[2020-02-21 13:06:23,791] INFO [Controller id=1] Processing automatic preferred replica leader election (kafka.controller.KafkaController)
[2020-02-21 13:06:23,793] TRACE [Controller id=1] Checking need to trigger auto leader balancing (kafka.controller.KafkaController)
[2020-02-21 13:06:23,793] DEBUG [Controller id=1] Preferred replicas by broker Map(2 -> Map(exampleTopic-0 -> Vector(2)), 0 -> Map(example-0 -> Vector(0))) (kafka.controller.KafkaController)
[2020-02-21 13:06:23,793] DEBUG [Controller id=1] Topics not in preferred replica for broker 2 Map(exampleTopic-0 -> Vector(2)) (kafka.controller.KafkaController)
[2020-02-21 13:06:23,794] TRACE [Controller id=1] Leader imbalance ratio for broker 2 is 1.0 (kafka.controller.KafkaController)
[2020-02-21 13:06:23,794] INFO [Controller id=1] Starting preferred replica leader election for partitions  (kafka.controller.KafkaController)
[2020-02-21 13:06:23,794] DEBUG [Controller id=1] Topics not in preferred replica for broker 0 Map() (kafka.controller.KafkaController)
[2020-02-21 13:06:23,794] TRACE [Controller id=1] Leader imbalance ratio for broker 0 is 0.0 (kafka.controller.KafkaController)
[2020-02-21 13:11:23,799] INFO [Controller id=1] Processing automatic preferred replica leader election (kafka.controller.KafkaController)
[2020-02-21 13:11:23,800] TRACE [Controller id=1] Checking need to trigger auto leader balancing (kafka.controller.KafkaController)
[2020-02-21 13:11:23,801] DEBUG [Controller id=1] Preferred replicas by broker Map(2 -> Map(exampleTopic-0 -> Vector(2)), 0 -> Map(example-0 -> Vector(0))) (kafka.controller.KafkaController)
[2020-02-21 13:11:23,801] DEBUG [Controller id=1] Topics not in preferred replica for broker 2 Map(exampleTopic-0 -> Vector(2)) (kafka.controller.KafkaController)
[2020-02-21 13:11:23,801] TRACE [Controller id=1] Leader imbalance ratio for broker 2 is 1.0 (kafka.controller.KafkaController)
[2020-02-21 13:11:23,801] INFO [Controller id=1] Starting preferred replica leader election for partitions  (kafka.controller.KafkaController)
[2020-02-21 13:11:23,801] DEBUG [Controller id=1] Topics not in preferred replica for broker 0 Map() (kafka.controller.KafkaController)
[2020-02-21 13:11:23,801] TRACE [Controller id=1] Leader imbalance ratio for broker 0 is 0.0 (kafka.controller.KafkaController)
[2020-02-21 13:16:23,802] INFO [Controller id=1] Processing automatic preferred replica leader election (kafka.controller.KafkaController)
[2020-02-21 13:16:23,803] TRACE [Controller id=1] Checking need to trigger auto leader balancing (kafka.controller.KafkaController)
[2020-02-21 13:16:23,803] DEBUG [Controller id=1] Preferred replicas by broker Map(2 -> Map(exampleTopic-0 -> Vector(2)), 0 -> Map(example-0 -> Vector(0))) (kafka.controller.KafkaController)
[2020-02-21 13:16:23,803] DEBUG [Controller id=1] Topics not in preferred replica for broker 2 Map(exampleTopic-0 -> Vector(2)) (kafka.controller.KafkaController)
[2020-02-21 13:16:23,804] TRACE [Controller id=1] Leader imbalance ratio for broker 2 is 1.0 (kafka.controller.KafkaController)
[2020-02-21 13:16:23,804] INFO [Controller id=1] Starting preferred replica leader election for partitions  (kafka.controller.KafkaController)
[2020-02-21 13:16:23,804] DEBUG [Controller id=1] Topics not in preferred replica for broker 0 Map() (kafka.controller.KafkaController)
[2020-02-21 13:16:23,804] TRACE [Controller id=1] Leader imbalance ratio for broker 0 is 0.0 (kafka.controller.KafkaController)
[2020-02-21 13:21:23,802] INFO [Controller id=1] Processing automatic preferred replica leader election (kafka.controller.KafkaController)
[2020-02-21 13:21:23,803] TRACE [Controller id=1] Checking need to trigger auto leader balancing (kafka.controller.KafkaController)
[2020-02-21 13:21:23,803] DEBUG [Controller id=1] Preferred replicas by broker Map(2 -> Map(exampleTopic-0 -> Vector(2)), 0 -> Map(example-0 -> Vector(0))) (kafka.controller.KafkaController)
[2020-02-21 13:21:23,803] DEBUG [Controller id=1] Topics not in preferred replica for broker 2 Map(exampleTopic-0 -> Vector(2)) (kafka.controller.KafkaController)
[2020-02-21 13:21:23,803] TRACE [Controller id=1] Leader imbalance ratio for broker 2 is 1.0 (kafka.controller.KafkaController)
[2020-02-21 13:21:23,803] INFO [Controller id=1] Starting preferred replica leader election for partitions  (kafka.controller.KafkaController)
[2020-02-21 13:21:23,803] DEBUG [Controller id=1] Topics not in preferred replica for broker 0 Map() (kafka.controller.KafkaController)
[2020-02-21 13:21:23,803] TRACE [Controller id=1] Leader imbalance ratio for broker 0 is 0.0 (kafka.controller.KafkaController)
[2020-02-21 13:26:23,801] INFO [Controller id=1] Processing automatic preferred replica leader election (kafka.controller.KafkaController)
[2020-02-21 13:26:23,802] TRACE [Controller id=1] Checking need to trigger auto leader balancing (kafka.controller.KafkaController)
[2020-02-21 13:26:23,803] DEBUG [Controller id=1] Preferred replicas by broker Map(2 -> Map(exampleTopic-0 -> Vector(2)), 0 -> Map(example-0 -> Vector(0))) (kafka.controller.KafkaController)
[2020-02-21 13:26:23,803] DEBUG [Controller id=1] Topics not in preferred replica for broker 2 Map(exampleTopic-0 -> Vector(2)) (kafka.controller.KafkaController)
[2020-02-21 13:26:23,803] TRACE [Controller id=1] Leader imbalance ratio for broker 2 is 1.0 (kafka.controller.KafkaController)
[2020-02-21 13:26:23,803] INFO [Controller id=1] Starting preferred replica leader election for partitions  (kafka.controller.KafkaController)
[2020-02-21 13:26:23,803] DEBUG [Controller id=1] Topics not in preferred replica for broker 0 Map() (kafka.controller.KafkaController)
[2020-02-21 13:26:23,803] TRACE [Controller id=1] Leader imbalance ratio for broker 0 is 0.0 (kafka.controller.KafkaController)
[2020-02-21 13:31:23,801] INFO [Controller id=1] Processing automatic preferred replica leader election (kafka.controller.KafkaController)
[2020-02-21 13:31:23,802] TRACE [Controller id=1] Checking need to trigger auto leader balancing (kafka.controller.KafkaController)
[2020-02-21 13:31:23,803] DEBUG [Controller id=1] Preferred replicas by broker Map(2 -> Map(exampleTopic-0 -> Vector(2)), 0 -> Map(example-0 -> Vector(0))) (kafka.controller.KafkaController)
[2020-02-21 13:31:23,803] DEBUG [Controller id=1] Topics not in preferred replica for broker 2 Map(exampleTopic-0 -> Vector(2)) (kafka.controller.KafkaController)
[2020-02-21 13:31:23,803] TRACE [Controller id=1] Leader imbalance ratio for broker 2 is 1.0 (kafka.controller.KafkaController)
[2020-02-21 13:31:23,803] INFO [Controller id=1] Starting preferred replica leader election for partitions  (kafka.controller.KafkaController)
[2020-02-21 13:31:23,803] DEBUG [Controller id=1] Topics not in preferred replica for broker 0 Map() (kafka.controller.KafkaController)
[2020-02-21 13:31:23,803] TRACE [Controller id=1] Leader imbalance ratio for broker 0 is 0.0 (kafka.controller.KafkaController)
